[] 2024-06-03 09:34:08,491 [main] INFO  [com.tk.app.AppApplication] StartupInfoLogger.java:55 - Starting AppApplication using Java 17.0.5 on LAPTOP-60BG89Q5 with PID 33036 (D:\Studynotes\self-study\ssjava\24.APM\Skywalking\SourceCode\byte-buddy-base_skywalking\bytebuddy-parent\app\target\classes started by 84741 in D:\Studynotes\self-study\ssjava\24.APM\Skywalking\SourceCode\byte-buddy-base_skywalking\bytebuddy-parent)
[] 2024-06-03 09:34:08,495 [main] INFO  [com.tk.app.AppApplication] SpringApplication.java:631 - No active profile set, falling back to 1 default profile: "default"
[] 2024-06-03 09:34:10,202 [main] INFO  [o.s.boot.web.embedded.tomcat.TomcatWebServer] TomcatWebServer.java:108 - Tomcat initialized with port(s): 8099 (http)
[] 2024-06-03 09:34:10,224 [main] INFO  [org.apache.coyote.http11.Http11NioProtocol] DirectJDKLog.java:173 - Initializing ProtocolHandler ["http-nio-8099"]
[] 2024-06-03 09:34:10,224 [main] INFO  [org.apache.catalina.core.StandardService] DirectJDKLog.java:173 - Starting service [Tomcat]
[] 2024-06-03 09:34:10,224 [main] INFO  [org.apache.catalina.core.StandardEngine] DirectJDKLog.java:173 - Starting Servlet engine: [Apache Tomcat/9.0.71]
[] 2024-06-03 09:34:10,337 [main] INFO  [o.a.c.core.ContainerBase.[Tomcat].[localhost].[/]] DirectJDKLog.java:173 - Initializing Spring embedded WebApplicationContext
[] 2024-06-03 09:34:10,337 [main] INFO  [o.s.b.w.s.c.ServletWebServerApplicationContext] ServletWebServerApplicationContext.java:292 - Root WebApplicationContext: initialization completed in 1755 ms
[] 2024-06-03 09:34:10,547 [main] INFO  [c.a.d.s.b.a.DruidDataSourceAutoConfigure] DruidDataSourceAutoConfigure.java:55 - Init DruidDataSource
[] 2024-06-03 09:34:10,751 [main] INFO  [com.alibaba.druid.pool.DruidDataSource] DruidDataSource.java:1010 - {dataSource-1} inited
[] 2024-06-03 09:34:11,542 [main] INFO  [org.apache.coyote.http11.Http11NioProtocol] DirectJDKLog.java:173 - Starting ProtocolHandler ["http-nio-8099"]
[] 2024-06-03 09:34:11,564 [main] INFO  [o.s.boot.web.embedded.tomcat.TomcatWebServer] TomcatWebServer.java:220 - Tomcat started on port(s): 8099 (http) with context path ''
[] 2024-06-03 09:34:11,575 [main] INFO  [com.tk.app.AppApplication] StartupInfoLogger.java:61 - Started AppApplication in 4.131 seconds (JVM running for 6.733)
[] 2024-06-03 09:34:20,908 [http-nio-8099-exec-1] INFO  [o.a.c.core.ContainerBase.[Tomcat].[localhost].[/]] DirectJDKLog.java:173 - Initializing Spring DispatcherServlet 'dispatcherServlet'
[] 2024-06-03 09:34:20,909 [http-nio-8099-exec-1] INFO  [org.springframework.web.servlet.DispatcherServlet] FrameworkServlet.java:525 - Initializing Servlet 'dispatcherServlet'
[] 2024-06-03 09:34:20,910 [http-nio-8099-exec-1] INFO  [org.springframework.web.servlet.DispatcherServlet] FrameworkServlet.java:547 - Completed initialization in 0 ms
[] 2024-06-03 09:35:50,688 [SpringApplicationShutdownHook] INFO  [com.alibaba.druid.pool.DruidDataSource] DruidDataSource.java:2175 - {dataSource-1} closing ...
[] 2024-06-03 09:35:50,694 [SpringApplicationShutdownHook] INFO  [com.alibaba.druid.pool.DruidDataSource] DruidDataSource.java:2248 - {dataSource-1} closed
[] 2024-06-03 09:35:57,139 [main] ERROR [o.s.b.diagnostics.LoggingFailureAnalysisReporter] LoggingFailureAnalysisReporter.java:40 - 

***************************
APPLICATION FAILED TO START
***************************

Description:

Failed to bind properties under 'logging.level' to java.util.Map<java.lang.String, org.springframework.boot.logging.LogLevel>:

    Property: logging.level
    Value: "debug"
    Origin: class path resource [application.yml] - 17:10
    Reason: org.springframework.core.convert.ConverterNotFoundException: No converter found capable of converting from type [java.lang.String] to type [java.util.Map<java.lang.String, org.springframework.boot.logging.LogLevel>]

Action:

Update your application's configuration

[] 2024-06-03 09:36:48,539 [main] ERROR [o.s.b.diagnostics.LoggingFailureAnalysisReporter] LoggingFailureAnalysisReporter.java:40 - 

***************************
APPLICATION FAILED TO START
***************************

Description:

Failed to bind properties under 'logging.level' to java.util.Map<java.lang.String, org.springframework.boot.logging.LogLevel>:

    Property: logging.level
    Value: "debug"
    Origin: class path resource [application.yml] - 17:10
    Reason: org.springframework.core.convert.ConverterNotFoundException: No converter found capable of converting from type [java.lang.String] to type [java.util.Map<java.lang.String, org.springframework.boot.logging.LogLevel>]

Action:

Update your application's configuration

[] 2024-06-03 09:37:44,569 [main] INFO  [com.tk.app.AppApplication] StartupInfoLogger.java:55 - Starting AppApplication using Java 17.0.5 on LAPTOP-60BG89Q5 with PID 11548 (D:\Studynotes\self-study\ssjava\24.APM\Skywalking\SourceCode\byte-buddy-base_skywalking\bytebuddy-parent\app\target\classes started by 84741 in D:\Studynotes\self-study\ssjava\24.APM\Skywalking\SourceCode\byte-buddy-base_skywalking\bytebuddy-parent)
[] 2024-06-03 09:37:44,572 [main] DEBUG [com.tk.app.AppApplication] StartupInfoLogger.java:56 - Running with Spring Boot v2.7.9, Spring v5.3.25
[] 2024-06-03 09:37:44,572 [main] INFO  [com.tk.app.AppApplication] SpringApplication.java:631 - No active profile set, falling back to 1 default profile: "default"
[] 2024-06-03 09:37:46,260 [main] INFO  [o.s.boot.web.embedded.tomcat.TomcatWebServer] TomcatWebServer.java:108 - Tomcat initialized with port(s): 8099 (http)
[] 2024-06-03 09:37:46,274 [main] INFO  [org.apache.coyote.http11.Http11NioProtocol] DirectJDKLog.java:173 - Initializing ProtocolHandler ["http-nio-8099"]
[] 2024-06-03 09:37:46,275 [main] INFO  [org.apache.catalina.core.StandardService] DirectJDKLog.java:173 - Starting service [Tomcat]
[] 2024-06-03 09:37:46,275 [main] INFO  [org.apache.catalina.core.StandardEngine] DirectJDKLog.java:173 - Starting Servlet engine: [Apache Tomcat/9.0.71]
[] 2024-06-03 09:37:46,401 [main] INFO  [o.a.c.core.ContainerBase.[Tomcat].[localhost].[/]] DirectJDKLog.java:173 - Initializing Spring embedded WebApplicationContext
[] 2024-06-03 09:37:46,401 [main] INFO  [o.s.b.w.s.c.ServletWebServerApplicationContext] ServletWebServerApplicationContext.java:292 - Root WebApplicationContext: initialization completed in 1747 ms
[] 2024-06-03 09:37:46,553 [main] INFO  [c.a.d.s.b.a.DruidDataSourceAutoConfigure] DruidDataSourceAutoConfigure.java:55 - Init DruidDataSource
[] 2024-06-03 09:37:46,786 [main] INFO  [com.alibaba.druid.pool.DruidDataSource] DruidDataSource.java:1010 - {dataSource-1} inited
[] 2024-06-03 09:37:47,621 [main] INFO  [org.apache.coyote.http11.Http11NioProtocol] DirectJDKLog.java:173 - Starting ProtocolHandler ["http-nio-8099"]
[] 2024-06-03 09:37:47,646 [main] INFO  [o.s.boot.web.embedded.tomcat.TomcatWebServer] TomcatWebServer.java:220 - Tomcat started on port(s): 8099 (http) with context path ''
[] 2024-06-03 09:37:47,660 [main] INFO  [com.tk.app.AppApplication] StartupInfoLogger.java:61 - Started AppApplication in 4.141 seconds (JVM running for 6.676)
[] 2024-06-03 09:37:55,607 [http-nio-8099-exec-1] INFO  [o.a.c.core.ContainerBase.[Tomcat].[localhost].[/]] DirectJDKLog.java:173 - Initializing Spring DispatcherServlet 'dispatcherServlet'
[] 2024-06-03 09:37:55,607 [http-nio-8099-exec-1] INFO  [org.springframework.web.servlet.DispatcherServlet] FrameworkServlet.java:525 - Initializing Servlet 'dispatcherServlet'
[] 2024-06-03 09:37:55,608 [http-nio-8099-exec-1] INFO  [org.springframework.web.servlet.DispatcherServlet] FrameworkServlet.java:547 - Completed initialization in 0 ms
[] 2024-06-03 09:37:56,300 [http-nio-8099-exec-1] DEBUG [com.tk.app.mapper.UserMapper.selectList] BaseJdbcLogger.java:135 - ==>  Preparing: SELECT id,user_name,age,create_time FROM t_user
[] 2024-06-03 09:37:56,462 [http-nio-8099-exec-1] DEBUG [com.tk.app.mapper.UserMapper.selectList] BaseJdbcLogger.java:135 - ==> Parameters: 
[] 2024-06-03 09:37:56,481 [http-nio-8099-exec-1] DEBUG [com.tk.app.mapper.UserMapper.selectList] BaseJdbcLogger.java:135 - <==      Total: 2
[] 2024-06-03 09:48:53,521 [SpringApplicationShutdownHook] INFO  [com.alibaba.druid.pool.DruidDataSource] DruidDataSource.java:2175 - {dataSource-1} closing ...
[] 2024-06-03 09:48:53,528 [SpringApplicationShutdownHook] INFO  [com.alibaba.druid.pool.DruidDataSource] DruidDataSource.java:2248 - {dataSource-1} closed
[] 2024-06-03 09:49:08,227 [main] INFO  [com.tk.app.AppApplication] StartupInfoLogger.java:55 - Starting AppApplication using Java 17.0.5 on LAPTOP-60BG89Q5 with PID 34808 (D:\Studynotes\self-study\ssjava\24.APM\Skywalking\SourceCode\byte-buddy-base_skywalking\bytebuddy-parent\app\target\classes started by 84741 in D:\Studynotes\self-study\ssjava\24.APM\Skywalking\SourceCode\byte-buddy-base_skywalking\bytebuddy-parent)
[] 2024-06-03 09:49:08,231 [main] DEBUG [com.tk.app.AppApplication] StartupInfoLogger.java:56 - Running with Spring Boot v2.7.9, Spring v5.3.25
[] 2024-06-03 09:49:08,233 [main] INFO  [com.tk.app.AppApplication] SpringApplication.java:631 - No active profile set, falling back to 1 default profile: "default"
[] 2024-06-03 09:49:11,920 [main] INFO  [o.s.boot.web.embedded.tomcat.TomcatWebServer] TomcatWebServer.java:108 - Tomcat initialized with port(s): 8099 (http)
[] 2024-06-03 09:49:11,933 [main] INFO  [org.apache.coyote.http11.Http11NioProtocol] DirectJDKLog.java:173 - Initializing ProtocolHandler ["http-nio-8099"]
[] 2024-06-03 09:49:11,934 [main] INFO  [org.apache.catalina.core.StandardService] DirectJDKLog.java:173 - Starting service [Tomcat]
[] 2024-06-03 09:49:11,934 [main] INFO  [org.apache.catalina.core.StandardEngine] DirectJDKLog.java:173 - Starting Servlet engine: [Apache Tomcat/9.0.71]
[] 2024-06-03 09:49:12,054 [main] INFO  [o.a.c.core.ContainerBase.[Tomcat].[localhost].[/]] DirectJDKLog.java:173 - Initializing Spring embedded WebApplicationContext
[] 2024-06-03 09:49:12,054 [main] INFO  [o.s.b.w.s.c.ServletWebServerApplicationContext] ServletWebServerApplicationContext.java:292 - Root WebApplicationContext: initialization completed in 3666 ms
[] 2024-06-03 09:49:12,225 [main] INFO  [c.a.d.s.b.a.DruidDataSourceAutoConfigure] DruidDataSourceAutoConfigure.java:55 - Init DruidDataSource
[] 2024-06-03 09:49:12,517 [main] INFO  [com.alibaba.druid.pool.DruidDataSource] DruidDataSource.java:1010 - {dataSource-1} inited
[] 2024-06-03 09:49:13,611 [main] INFO  [org.apache.coyote.http11.Http11NioProtocol] DirectJDKLog.java:173 - Starting ProtocolHandler ["http-nio-8099"]
[] 2024-06-03 09:49:13,643 [main] INFO  [o.s.boot.web.embedded.tomcat.TomcatWebServer] TomcatWebServer.java:220 - Tomcat started on port(s): 8099 (http) with context path ''
[] 2024-06-03 09:49:13,659 [main] INFO  [com.tk.app.AppApplication] StartupInfoLogger.java:61 - Started AppApplication in 7.689 seconds (JVM running for 10.671)
[] 2024-06-03 09:56:53,620 [SpringApplicationShutdownHook] INFO  [com.alibaba.druid.pool.DruidDataSource] DruidDataSource.java:2175 - {dataSource-1} closing ...
[] 2024-06-03 09:56:53,622 [SpringApplicationShutdownHook] INFO  [com.alibaba.druid.pool.DruidDataSource] DruidDataSource.java:2248 - {dataSource-1} closed
[%PARSER_ERROR[tid]] 2024-06-03 09:57:00,488 [main] ERROR [org.springframework.boot.SpringApplication] SpringApplication.java:821 - Application run failed
java.lang.IllegalStateException: java.lang.IllegalStateException: Logback configuration error detected: 
ERROR in ch.qos.logback.core.pattern.parser.Compiler@25ad25f5 - There is no conversion class registered for conversion word [tid]
ERROR in ch.qos.logback.core.pattern.parser.Compiler@25ad25f5 - [tid] is not a valid conversion word
	at org.springframework.boot.context.logging.LoggingApplicationListener.initializeSystem(LoggingApplicationListener.java:344)
	at org.springframework.boot.context.logging.LoggingApplicationListener.initialize(LoggingApplicationListener.java:298)
	at org.springframework.boot.context.logging.LoggingApplicationListener.onApplicationEnvironmentPreparedEvent(LoggingApplicationListener.java:246)
	at org.springframework.boot.context.logging.LoggingApplicationListener.onApplicationEvent(LoggingApplicationListener.java:223)
	at org.springframework.context.event.SimpleApplicationEventMulticaster.doInvokeListener(SimpleApplicationEventMulticaster.java:176)
	at org.springframework.context.event.SimpleApplicationEventMulticaster.invokeListener(SimpleApplicationEventMulticaster.java:169)
	at org.springframework.context.event.SimpleApplicationEventMulticaster.multicastEvent(SimpleApplicationEventMulticaster.java:143)
	at org.springframework.context.event.SimpleApplicationEventMulticaster.multicastEvent(SimpleApplicationEventMulticaster.java:131)
	at org.springframework.boot.context.event.EventPublishingRunListener.environmentPrepared(EventPublishingRunListener.java:85)
	at org.springframework.boot.SpringApplicationRunListeners.lambda$environmentPrepared$2(SpringApplicationRunListeners.java:66)
	at java.base/java.util.ArrayList.forEach(ArrayList.java:1511)
	at org.springframework.boot.SpringApplicationRunListeners.doWithListeners(SpringApplicationRunListeners.java:120)
	at org.springframework.boot.SpringApplicationRunListeners.doWithListeners(SpringApplicationRunListeners.java:114)
	at org.springframework.boot.SpringApplicationRunListeners.environmentPrepared(SpringApplicationRunListeners.java:65)
	at org.springframework.boot.SpringApplication.prepareEnvironment(SpringApplication.java:343)
	at org.springframework.boot.SpringApplication.run(SpringApplication.java:301)
	at org.springframework.boot.SpringApplication.run(SpringApplication.java:1303)
	at org.springframework.boot.SpringApplication.run(SpringApplication.java:1292)
	at com.tk.app.AppApplication.main(AppApplication.java:12)
Caused by: java.lang.IllegalStateException: Logback configuration error detected: 
ERROR in ch.qos.logback.core.pattern.parser.Compiler@25ad25f5 - There is no conversion class registered for conversion word [tid]
ERROR in ch.qos.logback.core.pattern.parser.Compiler@25ad25f5 - [tid] is not a valid conversion word
	at org.springframework.boot.logging.logback.LogbackLoggingSystem.loadConfiguration(LogbackLoggingSystem.java:179)
	at org.springframework.boot.logging.AbstractLoggingSystem.initializeWithConventions(AbstractLoggingSystem.java:80)
	at org.springframework.boot.logging.AbstractLoggingSystem.initialize(AbstractLoggingSystem.java:60)
	at org.springframework.boot.logging.logback.LogbackLoggingSystem.initialize(LogbackLoggingSystem.java:132)
	at org.springframework.boot.context.logging.LoggingApplicationListener.initializeSystem(LoggingApplicationListener.java:329)
	... 18 common frames omitted
[%PARSER_ERROR[tid]] 2024-06-03 09:58:42,207 [main] ERROR [org.springframework.boot.SpringApplication] SpringApplication.java:821 - Application run failed
java.lang.IllegalStateException: java.lang.IllegalStateException: Logback configuration error detected: 
ERROR in ch.qos.logback.core.pattern.parser.Compiler@54ccb3 - There is no conversion class registered for conversion word [tid]
ERROR in ch.qos.logback.core.pattern.parser.Compiler@54ccb3 - [tid] is not a valid conversion word
	at org.springframework.boot.context.logging.LoggingApplicationListener.initializeSystem(LoggingApplicationListener.java:344)
	at org.springframework.boot.context.logging.LoggingApplicationListener.initialize(LoggingApplicationListener.java:298)
	at org.springframework.boot.context.logging.LoggingApplicationListener.onApplicationEnvironmentPreparedEvent(LoggingApplicationListener.java:246)
	at org.springframework.boot.context.logging.LoggingApplicationListener.onApplicationEvent(LoggingApplicationListener.java:223)
	at org.springframework.context.event.SimpleApplicationEventMulticaster.doInvokeListener(SimpleApplicationEventMulticaster.java:176)
	at org.springframework.context.event.SimpleApplicationEventMulticaster.invokeListener(SimpleApplicationEventMulticaster.java:169)
	at org.springframework.context.event.SimpleApplicationEventMulticaster.multicastEvent(SimpleApplicationEventMulticaster.java:143)
	at org.springframework.context.event.SimpleApplicationEventMulticaster.multicastEvent(SimpleApplicationEventMulticaster.java:131)
	at org.springframework.boot.context.event.EventPublishingRunListener.environmentPrepared(EventPublishingRunListener.java:85)
	at org.springframework.boot.SpringApplicationRunListeners.lambda$environmentPrepared$2(SpringApplicationRunListeners.java:66)
	at java.base/java.util.ArrayList.forEach(ArrayList.java:1511)
	at org.springframework.boot.SpringApplicationRunListeners.doWithListeners(SpringApplicationRunListeners.java:120)
	at org.springframework.boot.SpringApplicationRunListeners.doWithListeners(SpringApplicationRunListeners.java:114)
	at org.springframework.boot.SpringApplicationRunListeners.environmentPrepared(SpringApplicationRunListeners.java:65)
	at org.springframework.boot.SpringApplication.prepareEnvironment(SpringApplication.java:343)
	at org.springframework.boot.SpringApplication.run(SpringApplication.java:301)
	at org.springframework.boot.SpringApplication.run(SpringApplication.java:1303)
	at org.springframework.boot.SpringApplication.run(SpringApplication.java:1292)
	at com.tk.app.AppApplication.main(AppApplication.java:12)
Caused by: java.lang.IllegalStateException: Logback configuration error detected: 
ERROR in ch.qos.logback.core.pattern.parser.Compiler@54ccb3 - There is no conversion class registered for conversion word [tid]
ERROR in ch.qos.logback.core.pattern.parser.Compiler@54ccb3 - [tid] is not a valid conversion word
	at org.springframework.boot.logging.logback.LogbackLoggingSystem.loadConfiguration(LogbackLoggingSystem.java:179)
	at org.springframework.boot.logging.AbstractLoggingSystem.initializeWithConventions(AbstractLoggingSystem.java:80)
	at org.springframework.boot.logging.AbstractLoggingSystem.initialize(AbstractLoggingSystem.java:60)
	at org.springframework.boot.logging.logback.LogbackLoggingSystem.initialize(LogbackLoggingSystem.java:132)
	at org.springframework.boot.context.logging.LoggingApplicationListener.initializeSystem(LoggingApplicationListener.java:329)
	... 18 common frames omitted
[%PARSER_ERROR[tid]] 2024-06-03 09:59:42,293 [main] ERROR [org.springframework.boot.SpringApplication] SpringApplication.java:821 - Application run failed
java.lang.IllegalStateException: java.lang.IllegalStateException: Logback configuration error detected: 
ERROR in ch.qos.logback.core.pattern.parser.Compiler@7cfb8e98 - There is no conversion class registered for conversion word [tid]
ERROR in ch.qos.logback.core.pattern.parser.Compiler@7cfb8e98 - [tid] is not a valid conversion word
	at org.springframework.boot.context.logging.LoggingApplicationListener.initializeSystem(LoggingApplicationListener.java:344)
	at org.springframework.boot.context.logging.LoggingApplicationListener.initialize(LoggingApplicationListener.java:298)
	at org.springframework.boot.context.logging.LoggingApplicationListener.onApplicationEnvironmentPreparedEvent(LoggingApplicationListener.java:246)
	at org.springframework.boot.context.logging.LoggingApplicationListener.onApplicationEvent(LoggingApplicationListener.java:223)
	at org.springframework.context.event.SimpleApplicationEventMulticaster.doInvokeListener(SimpleApplicationEventMulticaster.java:176)
	at org.springframework.context.event.SimpleApplicationEventMulticaster.invokeListener(SimpleApplicationEventMulticaster.java:169)
	at org.springframework.context.event.SimpleApplicationEventMulticaster.multicastEvent(SimpleApplicationEventMulticaster.java:143)
	at org.springframework.context.event.SimpleApplicationEventMulticaster.multicastEvent(SimpleApplicationEventMulticaster.java:131)
	at org.springframework.boot.context.event.EventPublishingRunListener.environmentPrepared(EventPublishingRunListener.java:85)
	at org.springframework.boot.SpringApplicationRunListeners.lambda$environmentPrepared$2(SpringApplicationRunListeners.java:66)
	at java.base/java.util.ArrayList.forEach(ArrayList.java:1511)
	at org.springframework.boot.SpringApplicationRunListeners.doWithListeners(SpringApplicationRunListeners.java:120)
	at org.springframework.boot.SpringApplicationRunListeners.doWithListeners(SpringApplicationRunListeners.java:114)
	at org.springframework.boot.SpringApplicationRunListeners.environmentPrepared(SpringApplicationRunListeners.java:65)
	at org.springframework.boot.SpringApplication.prepareEnvironment(SpringApplication.java:343)
	at org.springframework.boot.SpringApplication.run(SpringApplication.java:301)
	at org.springframework.boot.SpringApplication.run(SpringApplication.java:1303)
	at org.springframework.boot.SpringApplication.run(SpringApplication.java:1292)
	at com.tk.app.AppApplication.main(AppApplication.java:12)
Caused by: java.lang.IllegalStateException: Logback configuration error detected: 
ERROR in ch.qos.logback.core.pattern.parser.Compiler@7cfb8e98 - There is no conversion class registered for conversion word [tid]
ERROR in ch.qos.logback.core.pattern.parser.Compiler@7cfb8e98 - [tid] is not a valid conversion word
	at org.springframework.boot.logging.logback.LogbackLoggingSystem.loadConfiguration(LogbackLoggingSystem.java:179)
	at org.springframework.boot.logging.AbstractLoggingSystem.initializeWithConventions(AbstractLoggingSystem.java:80)
	at org.springframework.boot.logging.AbstractLoggingSystem.initialize(AbstractLoggingSystem.java:60)
	at org.springframework.boot.logging.logback.LogbackLoggingSystem.initialize(LogbackLoggingSystem.java:132)
	at org.springframework.boot.context.logging.LoggingApplicationListener.initializeSystem(LoggingApplicationListener.java:329)
	... 18 common frames omitted
[%PARSER_ERROR[tid]] 2024-06-03 10:00:36,024 [main] ERROR [org.springframework.boot.SpringApplication] SpringApplication.java:821 - Application run failed
java.lang.IllegalStateException: java.lang.IllegalStateException: Logback configuration error detected: 
ERROR in ch.qos.logback.core.pattern.parser.Compiler@123307c4 - There is no conversion class registered for conversion word [tid]
ERROR in ch.qos.logback.core.pattern.parser.Compiler@123307c4 - [tid] is not a valid conversion word
	at org.springframework.boot.context.logging.LoggingApplicationListener.initializeSystem(LoggingApplicationListener.java:344)
	at org.springframework.boot.context.logging.LoggingApplicationListener.initialize(LoggingApplicationListener.java:298)
	at org.springframework.boot.context.logging.LoggingApplicationListener.onApplicationEnvironmentPreparedEvent(LoggingApplicationListener.java:246)
	at org.springframework.boot.context.logging.LoggingApplicationListener.onApplicationEvent(LoggingApplicationListener.java:223)
	at org.springframework.context.event.SimpleApplicationEventMulticaster.doInvokeListener(SimpleApplicationEventMulticaster.java:176)
	at org.springframework.context.event.SimpleApplicationEventMulticaster.invokeListener(SimpleApplicationEventMulticaster.java:169)
	at org.springframework.context.event.SimpleApplicationEventMulticaster.multicastEvent(SimpleApplicationEventMulticaster.java:143)
	at org.springframework.context.event.SimpleApplicationEventMulticaster.multicastEvent(SimpleApplicationEventMulticaster.java:131)
	at org.springframework.boot.context.event.EventPublishingRunListener.environmentPrepared(EventPublishingRunListener.java:85)
	at org.springframework.boot.SpringApplicationRunListeners.lambda$environmentPrepared$2(SpringApplicationRunListeners.java:66)
	at java.base/java.util.ArrayList.forEach(ArrayList.java:1511)
	at org.springframework.boot.SpringApplicationRunListeners.doWithListeners(SpringApplicationRunListeners.java:120)
	at org.springframework.boot.SpringApplicationRunListeners.doWithListeners(SpringApplicationRunListeners.java:114)
	at org.springframework.boot.SpringApplicationRunListeners.environmentPrepared(SpringApplicationRunListeners.java:65)
	at org.springframework.boot.SpringApplication.prepareEnvironment(SpringApplication.java:343)
	at org.springframework.boot.SpringApplication.run(SpringApplication.java:301)
	at org.springframework.boot.SpringApplication.run(SpringApplication.java:1303)
	at org.springframework.boot.SpringApplication.run(SpringApplication.java:1292)
	at com.tk.app.AppApplication.main(AppApplication.java:12)
Caused by: java.lang.IllegalStateException: Logback configuration error detected: 
ERROR in ch.qos.logback.core.pattern.parser.Compiler@123307c4 - There is no conversion class registered for conversion word [tid]
ERROR in ch.qos.logback.core.pattern.parser.Compiler@123307c4 - [tid] is not a valid conversion word
	at org.springframework.boot.logging.logback.LogbackLoggingSystem.loadConfiguration(LogbackLoggingSystem.java:179)
	at org.springframework.boot.logging.AbstractLoggingSystem.initializeWithConventions(AbstractLoggingSystem.java:80)
	at org.springframework.boot.logging.AbstractLoggingSystem.initialize(AbstractLoggingSystem.java:60)
	at org.springframework.boot.logging.logback.LogbackLoggingSystem.initialize(LogbackLoggingSystem.java:132)
	at org.springframework.boot.context.logging.LoggingApplicationListener.initializeSystem(LoggingApplicationListener.java:329)
	... 18 common frames omitted
